<?xml version="1.0" encoding="UTF-8"?>
<!-- Generated by org.testng.reporters.JUnitReportReporter -->
<testsuite skipped="0" hostname="DESKTOP-S5LKBSA" name="day5.TestNgPriority" tests="4" failures="0" timestamp="2020-07-07T16:19:04 IST" time="0.008" errors="0">
  <testcase name="TestZ" time="0.003" classname="day5.TestNgPriority"/>
  <testcase name="TestA" time="0.002" classname="day5.TestNgPriority"/>
  <testcase name="TestS" time="0.001" classname="day5.TestNgPriority"/>
  <testcase name="TestC" time="0.002" classname="day5.TestNgPriority"/>
</testsuite> <!-- day5.TestNgPriority -->
