<?xml version="1.0" encoding="UTF-8"?>
<!-- Generated by org.testng.reporters.JUnitReportReporter -->
<testsuite skipped="0" hostname="DESKTOP-S5LKBSA" name="day5.TestNgParallel" tests="2" failures="0" timestamp="2020-07-07T16:51:20 IST" time="34.675" errors="0">
  <testcase name="firefoxDriver" time="18.619" classname="day5.TestNgParallel"/>
  <testcase name="chromeDriver" time="16.056" classname="day5.TestNgParallel"/>
</testsuite> <!-- day5.TestNgParallel -->
