<?xml version="1.0" encoding="UTF-8"?>
<!-- Generated by org.testng.reporters.JUnitReportReporter -->
<testsuite skipped="0" hostname="DESKTOP-S5LKBSA" name="day5.TestNgXML" tests="2" failures="0" timestamp="2020-07-07T16:19:04 IST" time="0.021" errors="0">
  <testcase name="TestA" time="0.017" classname="day5.TestNgXML"/>
  <testcase name="TestS" time="0.004" classname="day5.TestNgXML"/>
</testsuite> <!-- day5.TestNgXML -->
